<?xml version="1.0" encoding="UTF-8" ?>
<testsuite failures="0" time="0.269" errors="0" skipped="0" tests="3" name="com.cilagan.account.UserServiceTest">
  <properties>
[...]
</properties>
  <testcase time="0.018" classname="com.cilagan.account.UserServiceTest" name="shouldInitializeWithTwoDemoUsers"/>
  <testcase time="0.011" classname="com.cilagan.account.UserServiceTest" name="shouldThrowExceptionWhenUserNotFound"/>
  <testcase time="0.01" classname="com.cilagan.account.UserServiceTest" name="shouldReturnUserDetails"/>
</testsuite>